IP Upgrade report for soc_system
Sat Mar 12 16:24:03 2016
Quartus Prime Version 15.1.0 Build 185 10/21/2015 SJ Lite Edition


---------------------
; Table of Contents ;
---------------------
  1. Legal Notice
  2. IP Upgrade Summary
  3. Successfully Upgraded IP Components
  4. IP Upgrade Messages



----------------
; Legal Notice ;
----------------
Copyright (C) 1991-2015 Altera Corporation. All rights reserved.
Your use of Altera Corporation's design tools, logic functions 
and other software and tools, and its AMPP partner logic 
functions, and any output files from any of the foregoing 
(including device programming or simulation files), and any 
associated documentation or information are expressly subject 
to the terms and conditions of the Altera Program License 
Subscription Agreement, the Altera Quartus Prime License Agreement,
the Altera MegaCore Function License Agreement, or other 
applicable license agreement, including, without limitation, 
that your use is for the sole purpose of programming logic 
devices manufactured by Altera and sold by Altera or its 
authorized distributors.  Please refer to the applicable 
agreement for further details.



+----------------------------------------------------------------------------+
; IP Upgrade Summary                                                         ;
+------------------------------+---------------------------------------------+
; IP Components Upgrade Status ; Passed - Sat Mar 12 16:24:03 2016           ;
; Quartus Prime Version        ; 15.1.0 Build 185 10/21/2015 SJ Lite Edition ;
; Revision Name                ; soc_system                                  ;
; Top-level Entity Name        ; ghrd_top                                    ;
; Family                       ; Cyclone V                                   ;
+------------------------------+---------------------------------------------+


+-----------------------------------------------------------------------------------------------------------------------------------------------------------------------------+
; Successfully Upgraded IP Components                                                                                                                                         ;
+-------------+------------------------------+---------+-------------------------------------+--------------------------------+-------------------------------------+---------+
; Entity Name ; Component Name               ; Version ; Original Source File                ; Generation File Path           ; New Source File                     ; Message ;
+-------------+------------------------------+---------+-------------------------------------+--------------------------------+-------------------------------------+---------+
; soc_system  ; Qsys                         ; 13.1    ; soc_system/synthesis/soc_system.qip ; soc_system.qsys                ; soc_system/synthesis/soc_system.qip ;         ;
; hps_reset   ; In-System Sources and Probes ; 13.1    ; ip/altsource_probe/hps_reset.qip    ; ip/altsource_probe/hps_reset.v ; ip/altsource_probe/hps_reset.qip    ;         ;
+-------------+------------------------------+---------+-------------------------------------+--------------------------------+-------------------------------------+---------+


+---------------------+
; IP Upgrade Messages ;
+---------------------+
Info (11902): Backing up file "soc_system.qsys" to "soc_system.BAK.qsys"
Info (11902): Backing up file "soc_system/synthesis/soc_system.v" to "soc_system.BAK.v"
Info (11837): Started upgrading IP component Qsys with file "soc_system.qsys"
Info: 2016.03.12.16:19:01 Info: Starting to upgrade the IP cores in the Qsys system
Info: 2016.03.12.16:19:01 Info: Finished upgrading the ip cores
Info: 2016.03.12.16:19:53 Info: Saving generation log to /home/quartus/Projects/DE1-SoC_v.4.0.3_HWrevE_SystemCD/Demonstrations/SOC_FPGA/my_first_hps-fpga/fpga-rtl/soc_system
Info: 2016.03.12.16:19:53 Info: Loading fpga-rtl
Info: 2016.03.12.16:19:53 Info: Reading input file
Info: 2016.03.12.16:19:53 Info: Adding clk_0 [clock_source 15.1]
2016.03.12.16:19:53 Info: Parameterizing module clk_0
2016.03.12.16:19:53 Info: Adding fpga_only_master [altera_jtag_avalon_master 15.1]
2016.03.12.16:19:53 Info: Parameterizing module fpga_only_master
2016.03.12.16:19:53 Info: Adding hps_0 [altera_hps 15.1]
Info: 2016.03.12.16:19:53 Info: Parameterizing module hps_0
Info: 2016.03.12.16:19:53 Info: Adding hps_only_master [altera_jtag_avalon_master 15.1]
2016.03.12.16:19:54 Info: Parameterizing module hps_only_master
2016.03.12.16:19:54 Info: Adding intr_capturer_0 [intr_capturer 100.99.98.97]
2016.03.12.16:19:54 Info: Parameterizing module intr_capturer_0
2016.03.12.16:19:54 Info: Adding jtag_uart [altera_avalon_jtag_uart 15.1]
2016.03.12.16:19:54 Info: Parameterizing module jtag_uart
2016.03.12.16:19:54 Info: Adding onchip_memory2_0 [altera_avalon_onchip_memory2 15.1]
2016.03.12.16:19:54 Info: Parameterizing module onchip_memory2_0
2016.03.12.16:19:54 Info: Adding pio_led [altera_avalon_pio 15.1]
2016.03.12.16:19:54 Info: Parameterizing module pio_led
2016.03.12.16:19:54 Info: Adding sysid_qsys [altera_avalon_sysid_qsys 15.1]
Info: 2016.03.12.16:19:54 Info: Parameterizing module sysid_qsys
2016.03.12.16:19:54 Info: Building connections
2016.03.12.16:19:54 Info: Parameterizing connections
Info: 2016.03.12.16:19:54 Info: Validating
Info: 2016.03.12.16:20:05 Info: Done reading input file
Info: 2016.03.12.16:20:13 Info: soc_system: Generating soc_system "soc_system" for SIM_VERILOG
Info: 2016.03.12.16:20:22 Info: Interconnect is inserted between master hps_only_master.master and slave hps_0.f2h_axi_slave because the master is of type avalon and the slave is of type axi.
Warning: 2016.03.12.16:20:23 Warning: hps_0.f2h_irq0: Cannot connect clock for irq_mapper.sender
2016.03.12.16:20:23 Warning: hps_0.f2h_irq0: Cannot connect reset for irq_mapper.sender
2016.03.12.16:20:23 Warning: hps_0.f2h_irq1: Cannot connect clock for irq_mapper_001.sender
2016.03.12.16:20:23 Warning: hps_0.f2h_irq1: Cannot connect reset for irq_mapper_001.sender
Info: 2016.03.12.16:20:32 Info: fpga_only_master: "soc_system" instantiated altera_jtag_avalon_master "fpga_only_master"
2016.03.12.16:20:32 Info: hps_0: "Running  for module: hps_0"
Info: 2016.03.12.16:20:33 Info: hps_0: HPS Main PLL counter settings: n = 0  m = 73
Info: 2016.03.12.16:20:33 Info: hps_0: HPS peripherial PLL counter settings: n = 0  m = 39
Info: 2016.03.12.16:20:35 Info: hps_0: "soc_system" instantiated altera_hps "hps_0"
Info: 2016.03.12.16:20:35 Info: intr_capturer_0: "soc_system" instantiated intr_capturer "intr_capturer_0"
Info: 2016.03.12.16:20:35 Info: jtag_uart: Starting RTL generation for module 'soc_system_jtag_uart'
2016.03.12.16:20:35 Info: jtag_uart:   Generation command is [exec /home/quartus/altera_lite/15.1/quartus/linux64/perl/bin/perl -I /home/quartus/altera_lite/15.1/quartus/linux64/perl/lib -I /home/quartus/altera_lite/15.1/quartus/sopc_builder/bin/europa -I /home/quartus/altera_lite/15.1/quartus/sopc_builder/bin/perl_lib -I /home/quartus/altera_lite/15.1/quartus/sopc_builder/bin -I /home/quartus/altera_lite/15.1/quartus/../ip/altera/sopc_builder_ip/common -I /home/quartus/altera_lite/15.1/quartus/../ip/altera/sopc_builder_ip/altera_avalon_jtag_uart -- /home/quartus/altera_lite/15.1/quartus/../ip/altera/sopc_builder_ip/altera_avalon_jtag_uart/generate_rtl.pl --name=soc_system_jtag_uart --dir=/tmp/alt6872_1770010640996491192.dir/0002_jtag_uart_gen/ --quartus_dir=/home/quartus/altera_lite/15.1/quartus --verilog --config=/tmp/alt6872_1770010640996491192.dir/0002_jtag_uart_gen//soc_system_jtag_uart_component_configuration.pl  --do_build_sim=1    --sim_dir=/tmp/alt6872_1770010640996491192.dir/0002_jtag_uart_gen
Info: 2016.03.12.16:20:35 Info: jtag_uart: Done RTL generation for module 'soc_system_jtag_uart'
2016.03.12.16:20:35 Info: jtag_uart: "soc_system" instantiated altera_avalon_jtag_uart "jtag_uart"
Info: 2016.03.12.16:20:35 Info: onchip_memory2_0: Starting RTL generation for module 'soc_system_onchip_memory2_0'
2016.03.12.16:20:35 Info: onchip_memory2_0:   Generation command is [exec /home/quartus/altera_lite/15.1/quartus/linux64/perl/bin/perl -I /home/quartus/altera_lite/15.1/quartus/linux64/perl/lib -I /home/quartus/altera_lite/15.1/quartus/sopc_builder/bin/europa -I /home/quartus/altera_lite/15.1/quartus/sopc_builder/bin/perl_lib -I /home/quartus/altera_lite/15.1/quartus/sopc_builder/bin -I /home/quartus/altera_lite/15.1/quartus/../ip/altera/sopc_builder_ip/common -I /home/quartus/altera_lite/15.1/quartus/../ip/altera/sopc_builder_ip/altera_avalon_onchip_memory2 -- /home/quartus/altera_lite/15.1/quartus/../ip/altera/sopc_builder_ip/altera_avalon_onchip_memory2/generate_rtl.pl --name=soc_system_onchip_memory2_0 --dir=/tmp/alt6872_1770010640996491192.dir/0003_onchip_memory2_0_gen/ --quartus_dir=/home/quartus/altera_lite/15.1/quartus --verilog --config=/tmp/alt6872_1770010640996491192.dir/0003_onchip_memory2_0_gen//soc_system_onchip_memory2_0_component_configuration.pl  --do_build_sim=1    --sim_dir=/tmp/alt6872_1770010640996491192.dir/0003_onchip_memory2_0_gen
Info: 2016.03.12.16:20:36 Info: onchip_memory2_0: Done RTL generation for module 'soc_system_onchip_memory2_0'
2016.03.12.16:20:36 Info: onchip_memory2_0: "soc_system" instantiated altera_avalon_onchip_memory2 "onchip_memory2_0"
Info: 2016.03.12.16:20:36 Info: pio_led: Starting RTL generation for module 'soc_system_pio_led'
Info: 2016.03.12.16:20:36 Info: pio_led:   Generation command is [exec /home/quartus/altera_lite/15.1/quartus/linux64/perl/bin/perl -I /home/quartus/altera_lite/15.1/quartus/linux64/perl/lib -I /home/quartus/altera_lite/15.1/quartus/sopc_builder/bin/europa -I /home/quartus/altera_lite/15.1/quartus/sopc_builder/bin/perl_lib -I /home/quartus/altera_lite/15.1/quartus/sopc_builder/bin -I /home/quartus/altera_lite/15.1/quartus/../ip/altera/sopc_builder_ip/common -I /home/quartus/altera_lite/15.1/quartus/../ip/altera/sopc_builder_ip/altera_avalon_pio -- /home/quartus/altera_lite/15.1/quartus/../ip/altera/sopc_builder_ip/altera_avalon_pio/generate_rtl.pl --name=soc_system_pio_led --dir=/tmp/alt6872_1770010640996491192.dir/0004_pio_led_gen/ --quartus_dir=/home/quartus/altera_lite/15.1/quartus --verilog --config=/tmp/alt6872_1770010640996491192.dir/0004_pio_led_gen//soc_system_pio_led_component_configuration.pl  --do_build_sim=1    --sim_dir=/tmp/alt6872_1770010640996491192.dir/0004_pio_led_gen
Info: 2016.03.12.16:20:36 Info: pio_led: Done RTL generation for module 'soc_system_pio_led'
2016.03.12.16:20:36 Info: pio_led: "soc_system" instantiated altera_avalon_pio "pio_led"
Info: 2016.03.12.16:20:36 Info: sysid_qsys: Generating Verilog simulation model
Warning: 2016.03.12.16:21:09 Warning: Parallel compilation is not licensed and has been disabled
Info: 2016.03.12.16:21:09 Info: sysid_qsys: Generated simulation model soc_system_sysid_qsys.vo
2016.03.12.16:21:09 Info: sysid_qsys: "soc_system" instantiated altera_avalon_sysid_qsys "sysid_qsys"
Info: 2016.03.12.16:21:10 Info: avalon_st_adapter: Inserting error_adapter: error_adapter_0
Info: 2016.03.12.16:21:10 Info: avalon_st_adapter_001: Inserting error_adapter: error_adapter_0
Info: 2016.03.12.16:21:10 Info: avalon_st_adapter_002: Inserting error_adapter: error_adapter_0
Info: 2016.03.12.16:21:10 Info: avalon_st_adapter_003: Inserting error_adapter: error_adapter_0
Info: 2016.03.12.16:21:10 Info: avalon_st_adapter_004: Inserting error_adapter: error_adapter_0
Info: 2016.03.12.16:21:11 Info: mm_interconnect_0: "soc_system" instantiated altera_mm_interconnect "mm_interconnect_0"
Info: 2016.03.12.16:21:11 Info: mm_interconnect_1: "soc_system" instantiated altera_mm_interconnect "mm_interconnect_1"
Info: 2016.03.12.16:21:11 Info: irq_mapper: "soc_system" instantiated altera_irq_mapper "irq_mapper"
Info: 2016.03.12.16:21:11 Info: irq_mapper_001: "soc_system" instantiated altera_irq_mapper "irq_mapper_001"
Info: 2016.03.12.16:21:11 Info: rst_controller: "soc_system" instantiated altera_reset_controller "rst_controller"
Info: 2016.03.12.16:21:11 Info: jtag_phy_embedded_in_jtag_master: "fpga_only_master" instantiated altera_jtag_dc_streaming "jtag_phy_embedded_in_jtag_master"
Info: 2016.03.12.16:21:11 Info: timing_adt: "fpga_only_master" instantiated timing_adapter "timing_adt"
2016.03.12.16:21:11 Info: fifo: "fpga_only_master" instantiated altera_avalon_sc_fifo "fifo"
Info: 2016.03.12.16:21:11 Info: b2p: "fpga_only_master" instantiated altera_avalon_st_bytes_to_packets "b2p"
Info: 2016.03.12.16:21:11 Info: p2b: "fpga_only_master" instantiated altera_avalon_st_packets_to_bytes "p2b"
Info: 2016.03.12.16:21:11 Info: transacto: "fpga_only_master" instantiated altera_avalon_packets_to_master "transacto"
Info: 2016.03.12.16:21:11 Info: b2p_adapter: "fpga_only_master" instantiated channel_adapter "b2p_adapter"
Info: 2016.03.12.16:21:11 Info: p2b_adapter: "fpga_only_master" instantiated channel_adapter "p2b_adapter"
Info: 2016.03.12.16:21:12 Info: fpga_interfaces: "hps_0" instantiated altera_interface_generator "fpga_interfaces"
Info: 2016.03.12.16:21:12 Info: hps_io: "hps_0" instantiated altera_hps_io "hps_io"
Info: 2016.03.12.16:21:12 Info: fpga_only_master_master_translator: "mm_interconnect_0" instantiated altera_merlin_master_translator "fpga_only_master_master_translator"
Info: 2016.03.12.16:21:12 Info: onchip_memory2_0_s1_translator: "mm_interconnect_0" instantiated altera_merlin_slave_translator "onchip_memory2_0_s1_translator"
Info: 2016.03.12.16:21:12 Info: hps_0_h2f_axi_master_agent: "mm_interconnect_0" instantiated altera_merlin_axi_master_ni "hps_0_h2f_axi_master_agent"
Info: 2016.03.12.16:21:12 Info: fpga_only_master_master_agent: "mm_interconnect_0" instantiated altera_merlin_master_agent "fpga_only_master_master_agent"
Info: 2016.03.12.16:21:12 Info: onchip_memory2_0_s1_agent: "mm_interconnect_0" instantiated altera_merlin_slave_agent "onchip_memory2_0_s1_agent"
Info: 2016.03.12.16:21:12 Info: router: "mm_interconnect_0" instantiated altera_merlin_router "router"
Info: 2016.03.12.16:21:12 Info: router_002: "mm_interconnect_0" instantiated altera_merlin_router "router_002"
Info: 2016.03.12.16:21:12 Info: router_003: "mm_interconnect_0" instantiated altera_merlin_router "router_003"
Info: 2016.03.12.16:21:12 Info: router_005: "mm_interconnect_0" instantiated altera_merlin_router "router_005"
Info: 2016.03.12.16:21:12 Info: router_006: "mm_interconnect_0" instantiated altera_merlin_router "router_006"
Info: 2016.03.12.16:21:12 Info: router_007: "mm_interconnect_0" instantiated altera_merlin_router "router_007"
Info: 2016.03.12.16:21:12 Info: router_009: "mm_interconnect_0" instantiated altera_merlin_router "router_009"
Info: 2016.03.12.16:21:12 Info: fpga_only_master_master_limiter: "mm_interconnect_0" instantiated altera_merlin_traffic_limiter "fpga_only_master_master_limiter"
2016.03.12.16:21:12 Info: Reusing file /home/quartus/Projects/DE1-SoC_v.4.0.3_HWrevE_SystemCD/Demonstrations/SOC_FPGA/my_first_hps-fpga/fpga-rtl/soc_system/simulation/submodules/altera_avalon_sc_fifo.v
2016.03.12.16:21:12 Info: Reusing file /home/quartus/Projects/DE1-SoC_v.4.0.3_HWrevE_SystemCD/Demonstrations/SOC_FPGA/my_first_hps-fpga/fpga-rtl/soc_system/simulation/submodules
Info: 2016.03.12.16:21:12 Info: onchip_memory2_0_s1_burst_adapter: "mm_interconnect_0" instantiated altera_merlin_burst_adapter "onchip_memory2_0_s1_burst_adapter"
2016.03.12.16:21:12 Info: Reusing file /home/quartus/Projects/DE1-SoC_v.4.0.3_HWrevE_SystemCD/Demonstrations/SOC_FPGA/my_first_hps-fpga/fpga-rtl/soc_system/simulation/submodules/altera_merlin_address_alignment.sv
2016.03.12.16:21:12 Info: Reusing file /home/quartus/Projects/DE1-SoC_v.4.0.3_HWrevE_SystemCD/Demonstrations/SOC_FPGA/my_first_hps-fpga/fpga-rtl/soc_system/simulation/submodules/altera_avalon_st_pipeline_stage.sv
2016.03.12.16:21:12 Info: Reusing file /home/quartus/Projects/DE1-SoC_v.4.0.3_HWrevE_SystemCD/Demonstrations/SOC_FPGA/my_first_hps-fpga/fpga-rtl/soc_system/simulation/submodules
Info: 2016.03.12.16:21:12 Info: cmd_demux: "mm_interconnect_0" instantiated altera_merlin_demultiplexer "cmd_demux"
Info: 2016.03.12.16:21:12 Info: cmd_demux_002: "mm_interconnect_0" instantiated altera_merlin_demultiplexer "cmd_demux_002"
Info: 2016.03.12.16:21:12 Info: cmd_demux_003: "mm_interconnect_0" instantiated altera_merlin_demultiplexer "cmd_demux_003"
Info: 2016.03.12.16:21:12 Info: cmd_mux: "mm_interconnect_0" instantiated altera_merlin_multiplexer "cmd_mux"
Info: 2016.03.12.16:21:13 Info: cmd_mux_001: "mm_interconnect_0" instantiated altera_merlin_multiplexer "cmd_mux_001"
2016.03.12.16:21:13 Info: Reusing file /home/quartus/Projects/DE1-SoC_v.4.0.3_HWrevE_SystemCD/Demonstrations/SOC_FPGA/my_first_hps-fpga/fpga-rtl/soc_system/simulation/submodules
Info: 2016.03.12.16:21:13 Info: cmd_mux_002: "mm_interconnect_0" instantiated altera_merlin_multiplexer "cmd_mux_002"
2016.03.12.16:21:13 Info: Reusing file /home/quartus/Projects/DE1-SoC_v.4.0.3_HWrevE_SystemCD/Demonstrations/SOC_FPGA/my_first_hps-fpga/fpga-rtl/soc_system/simulation/submodules
Info: 2016.03.12.16:21:13 Info: cmd_mux_004: "mm_interconnect_0" instantiated altera_merlin_multiplexer "cmd_mux_004"
Info: 2016.03.12.16:21:13 Info: Reusing file /home/quartus/Projects/DE1-SoC_v.4.0.3_HWrevE_SystemCD/Demonstrations/SOC_FPGA/my_first_hps-fpga/fpga-rtl/soc_system/simulation/submodules
Info: 2016.03.12.16:21:13 Info: rsp_demux: "mm_interconnect_0" instantiated altera_merlin_demultiplexer "rsp_demux"
Info: 2016.03.12.16:21:13 Info: rsp_demux_001: "mm_interconnect_0" instantiated altera_merlin_demultiplexer "rsp_demux_001"
Info: 2016.03.12.16:21:13 Info: rsp_demux_002: "mm_interconnect_0" instantiated altera_merlin_demultiplexer "rsp_demux_002"
Info: 2016.03.12.16:21:13 Info: rsp_demux_004: "mm_interconnect_0" instantiated altera_merlin_demultiplexer "rsp_demux_004"
Info: 2016.03.12.16:21:13 Info: rsp_mux: "mm_interconnect_0" instantiated altera_merlin_multiplexer "rsp_mux"
2016.03.12.16:21:13 Info: Reusing file /home/quartus/Projects/DE1-SoC_v.4.0.3_HWrevE_SystemCD/Demonstrations/SOC_FPGA/my_first_hps-fpga/fpga-rtl/soc_system/simulation/submodules
Info: 2016.03.12.16:21:13 Info: rsp_mux_002: "mm_interconnect_0" instantiated altera_merlin_multiplexer "rsp_mux_002"
2016.03.12.16:21:13 Info: Reusing file /home/quartus/Projects/DE1-SoC_v.4.0.3_HWrevE_SystemCD/Demonstrations/SOC_FPGA/my_first_hps-fpga/fpga-rtl/soc_system/simulation/submodules
Info: 2016.03.12.16:21:13 Info: rsp_mux_003: "mm_interconnect_0" instantiated altera_merlin_multiplexer "rsp_mux_003"
2016.03.12.16:21:13 Info: Reusing file /home/quartus/Projects/DE1-SoC_v.4.0.3_HWrevE_SystemCD/Demonstrations/SOC_FPGA/my_first_hps-fpga/fpga-rtl/soc_system/simulation/submodules
Info: 2016.03.12.16:21:13 Info: fpga_only_master_master_to_onchip_memory2_0_s1_cmd_width_adapter: "mm_interconnect_0" instantiated altera_merlin_width_adapter "fpga_only_master_master_to_onchip_memory2_0_s1_cmd_width_adapter"
2016.03.12.16:21:13 Info: Reusing file /home/quartus/Projects/DE1-SoC_v.4.0.3_HWrevE_SystemCD/Demonstrations/SOC_FPGA/my_first_hps-fpga/fpga-rtl/soc_system/simulation/submodules/altera_merlin_address_alignment.sv
2016.03.12.16:21:13 Info: Reusing file /home/quartus/Projects/DE1-SoC_v.4.0.3_HWrevE_SystemCD/Demonstrations/SOC_FPGA/my_first_hps-fpga/fpga-rtl/soc_system/simulation/submodules
Info: 2016.03.12.16:21:13 Info: avalon_st_adapter: "mm_interconnect_0" instantiated altera_avalon_st_adapter "avalon_st_adapter"
Info: 2016.03.12.16:21:13 Info: avalon_st_adapter_001: "mm_interconnect_0" instantiated altera_avalon_st_adapter "avalon_st_adapter_001"
Info: 2016.03.12.16:21:13 Info: hps_0_f2h_axi_slave_agent: "mm_interconnect_1" instantiated altera_merlin_axi_slave_ni "hps_0_f2h_axi_slave_agent"
2016.03.12.16:21:13 Info: Reusing file /home/quartus/Projects/DE1-SoC_v.4.0.3_HWrevE_SystemCD/Demonstrations/SOC_FPGA/my_first_hps-fpga/fpga-rtl/soc_system/simulation/submodules/altera_merlin_burst_uncompressor.sv
2016.03.12.16:21:13 Info: Reusing file /home/quartus/Projects/DE1-SoC_v.4.0.3_HWrevE_SystemCD/Demonstrations/SOC_FPGA/my_first_hps-fpga/fpga-rtl/soc_system/simulation/submodules/altera_avalon_sc_fifo.v
2016.03.12.16:21:13 Info: Reusing file /home/quartus/Projects/DE1-SoC_v.4.0.3_HWrevE_SystemCD/Demonstrations/SOC_FPGA/my_first_hps-fpga/fpga-rtl/soc_system/simulation/submodules
Info: 2016.03.12.16:21:13 Info: router: "mm_interconnect_1" instantiated altera_merlin_router "router"
Info: 2016.03.12.16:21:13 Info: router_001: "mm_interconnect_1" instantiated altera_merlin_router "router_001"
Info: 2016.03.12.16:21:13 Info: cmd_demux: "mm_interconnect_1" instantiated altera_merlin_demultiplexer "cmd_demux"
Info: 2016.03.12.16:21:14 Info: cmd_mux: "mm_interconnect_1" instantiated altera_merlin_multiplexer "cmd_mux"
2016.03.12.16:21:14 Info: Reusing file /home/quartus/Projects/DE1-SoC_v.4.0.3_HWrevE_SystemCD/Demonstrations/SOC_FPGA/my_first_hps-fpga/fpga-rtl/soc_system/simulation/submodules
Info: 2016.03.12.16:21:14 Info: rsp_demux: "mm_interconnect_1" instantiated altera_merlin_demultiplexer "rsp_demux"
Info: 2016.03.12.16:21:14 Info: rsp_mux: "mm_interconnect_1" instantiated altera_merlin_multiplexer "rsp_mux"
2016.03.12.16:21:14 Info: Reusing file /home/quartus/Projects/DE1-SoC_v.4.0.3_HWrevE_SystemCD/Demonstrations/SOC_FPGA/my_first_hps-fpga/fpga-rtl/soc_system/simulation/submodules
Info: 2016.03.12.16:21:14 Info: border: "hps_io" instantiated altera_interface_generator "border"
2016.03.12.16:21:14 Info: Reusing file /home/quartus/Projects/DE1-SoC_v.4.0.3_HWrevE_SystemCD/Demonstrations/SOC_FPGA/my_first_hps-fpga/fpga-rtl/soc_system/simulation/submodules/verbosity_pkg.sv
2016.03.12.16:21:14 Info: Reusing file /home/quartus/Projects/DE1-SoC_v.4.0.3_HWrevE_SystemCD/Demonstrations/SOC_FPGA/my_first_hps-fpga/fpga-rtl/soc_system/simulation/submodules/avalon_utilities_pkg.sv
2016.03.12.16:21:14 Info: Reusing file /home/quartus/Projects/DE1-SoC_v.4.0.3_HWrevE_SystemCD/Demonstrations/SOC_FPGA/my_first_hps-fpga/fpga-rtl/soc_system/simulation/submodules/avalon_mm_pkg.sv
2016.03.12.16:21:14 Info: Reusing file /home/quartus/Projects/DE1-SoC_v.4.0.3_HWrevE_SystemCD/Demonstrations/SOC_FPGA/my_first_hps-fpga/fpga-rtl/soc_system/simulation/submodules/altera_avalon_mm_slave_bfm.sv
2016.03.12.16:21:14 Info: Reusing file /home/quartus/Projects/DE1-SoC_v.4.0.3_HWrevE_SystemCD/Demonstrations/SOC_FPGA/my_first_hps-fpga/fpga-rtl/soc_system/simulation/submodules/altera_avalon_interrupt_sink.sv
2016.03.12.16:21:14 Info: Reusing file /home/quartus/Projects/DE1-SoC_v.4.0.3_HWrevE_SystemCD/Demonstrations/SOC_FPGA/my_first_hps-fpga/fpga-rtl/soc_system/simulation/submodules/altera_avalon_clock_source.sv
2016.03.12.16:21:14 Info: Reusing file /home/quartus/Projects/DE1-SoC_v.4.0.3_HWrevE_SystemCD/Demonstrations/SOC_FPGA/my_first_hps-fpga/fpga-rtl/soc_system/simulation/submodules
Info: 2016.03.12.16:21:14 Info: error_adapter_0: "avalon_st_adapter" instantiated error_adapter "error_adapter_0"
Info: 2016.03.12.16:21:14 Info: error_adapter_0: "avalon_st_adapter_001" instantiated error_adapter "error_adapter_0"
2016.03.12.16:21:14 Info: soc_system: Done "soc_system" with 64 modules, 104 files
Info: 2016.03.12.16:21:14 Info: qsys-generate succeeded.
2016.03.12.16:21:14 Info: Finished: Create simulation model
2016.03.12.16:21:14 Info: Starting: Create Modelsim Project.
2016.03.12.16:21:14 Info: sim-script-gen --spd=/home/quartus/Projects/DE1-SoC_v.4.0.3_HWrevE_SystemCD/Demonstrations/SOC_FPGA/my_first_hps-fpga/fpga-rtl/soc_system/soc_system.spd --output-directory=/home/quartus/Projects/DE1-SoC_v.4.0.3_HWrevE_SystemCD/Demonstrations/SOC_FPGA/my_first_hps-fpga/fpga-rtl/soc_system/simulation
Info: 2016.03.12.16:21:14 Info: Doing: ip-make-simscript --spd=/home/quartus/Projects/DE1-SoC_v.4.0.3_HWrevE_SystemCD/Demonstrations/SOC_FPGA/my_first_hps-fpga/fpga-rtl/soc_system/soc_system.spd --output-directory=/home/quartus/Projects/DE1-SoC_v.4.0.3_HWrevE_SystemCD/Demonstrations/SOC_FPGA/my_first_hps-fpga/fpga-rtl/soc_system/simulation
Info: 2016.03.12.16:21:25 Info: Generating the following file(s) for MODELSIM simulator in /home/quartus/Projects/DE1-SoC_v.4.0.3_HWrevE_SystemCD/Demonstrations/SOC_FPGA/my_first_hps-fpga/fpga-rtl/soc_system/simulation
Info: 2016.03.12.16:21:25 Info:     mentor
Info: 2016.03.12.16:21:25 Info: Generating the following file(s) for VCS simulator in /home/quartus/Projects/DE1-SoC_v.4.0.3_HWrevE_SystemCD/Demonstrations/SOC_FPGA/my_first_hps-fpga/fpga-rtl/soc_system/simulation/ directory:
2016.03.12.16:21:25 Info:     synopsys/vcs
Info: 2016.03.12.16:21:25 Info: Generating the following file(s) for VCSMX simulator in /home/quartus/Projects/DE1-SoC_v.4.0.3_HWrevE_SystemCD/Demonstrations/SOC_FPGA/my_first_hps-fpga/fpga-rtl/soc_system/simulation/ directory:
2016.03.12.16:21:25 Info:     synopsys/vcsmx/synopsys_sim.setup
2016.03.12.16:21:25 Info:     synopsys/vcsmx
Info: 2016.03.12.16:21:25 Info: Generating the following file(s) for NCSIM simulator in /home/quartus/Projects/DE1-SoC_v.4.0.3_HWrevE_SystemCD/Demonstrations/SOC_FPGA/my_first_hps-fpga/fpga-rtl/soc_system/simulation/ directory:
2016.03.12.16:21:25 Info:     cadence
Info: 2016.03.12.16:21:25 Info:     cadence
Info: 2016.03.12.16:21:25 Info:     cadence
Info: 2016.03.12.16:21:25 Info:     58 .cds.lib files in cadence/cds_libs/ directory
2016.03.12.16:21:25 Info: Generating the following file(s) for RIVIERA simulator in /home/quartus/Projects/DE1-SoC_v.4.0.3_HWrevE_SystemCD/Demonstrations/SOC_FPGA/my_first_hps-fpga/fpga-rtl/soc_system/simulation/ directory:
2016.03.12.16:21:25 Info:     aldec/rivierapro_setup.tcl
2016.03.12.16:21:25 Info: For information on how to simulate your IP, see the explanatory comments in the simulator-specific subdirectories under /home/quartus/Projects/DE1-SoC_v.4.0.3_HWrevE_SystemCD/Demonstrations/SOC_FPGA/my_first_hps-fpga/fpga-rtl/soc_system/simulation
Info: 2016.03.12.16:21:25 Info: Starting: Create block symbol file (.bsf)
2016.03.12.16:21:25 Info: qsys-generate /home/quartus/Projects/DE1-SoC_v.4.0.3_HWrevE_SystemCD/Demonstrations/SOC_FPGA/my_first_hps-fpga/fpga-rtl/soc_system.qsys --block-symbol-file --output-directory=/home/quartus/Projects/DE1-SoC_v.4.0.3_HWrevE_SystemCD/Demonstrations/SOC_FPGA/my_first_hps-fpga/fpga-rtl/soc_system --family="Cyclone V" --part=5CSEMA5F31C6
2016.03.12.16:21:25 Info: Loading fpga-rtl
Info: 2016.03.12.16:21:25 Info: Reading input file
2016.03.12.16:21:25 Info: Adding clk_0 [clock_source 15.1]
2016.03.12.16:21:25 Info: Parameterizing module clk_0
2016.03.12.16:21:25 Info: Adding fpga_only_master [altera_jtag_avalon_master 15.1]
2016.03.12.16:21:25 Info: Parameterizing module fpga_only_master
2016.03.12.16:21:25 Info: Adding hps_0 [altera_hps 15.1]
Info: 2016.03.12.16:21:25 Info: Parameterizing module hps_0
Info: 2016.03.12.16:21:25 Info: Adding hps_only_master [altera_jtag_avalon_master 15.1]
2016.03.12.16:21:25 Info: Parameterizing module hps_only_master
2016.03.12.16:21:25 Info: Adding intr_capturer_0 [intr_capturer 100.99.98.97]
2016.03.12.16:21:25 Info: Parameterizing module intr_capturer_0
2016.03.12.16:21:25 Info: Adding jtag_uart [altera_avalon_jtag_uart 15.1]
2016.03.12.16:21:25 Info: Parameterizing module jtag_uart
2016.03.12.16:21:25 Info: Adding onchip_memory2_0 [altera_avalon_onchip_memory2 15.1]
2016.03.12.16:21:25 Info: Parameterizing module onchip_memory2_0
2016.03.12.16:21:25 Info: Adding pio_led [altera_avalon_pio 15.1]
2016.03.12.16:21:25 Info: Parameterizing module pio_led
2016.03.12.16:21:25 Info: Adding sysid_qsys [altera_avalon_sysid_qsys 15.1]
2016.03.12.16:21:25 Info: Parameterizing module sysid_qsys
2016.03.12.16:21:25 Info: Building connections
2016.03.12.16:21:25 Info: Parameterizing connections
2016.03.12.16:21:25 Info: Validating
Info: 2016.03.12.16:21:35 Info: Done reading input file
Info: 2016.03.12.16:21:52 Info: qsys-generate succeeded.
2016.03.12.16:21:52 Info: Finished: Create block symbol file (.bsf)
Info: 2016.03.12.16:21:52 Info: Loading fpga-rtl
Info: 2016.03.12.16:21:52 Info: Reading input file
2016.03.12.16:21:52 Info: Adding clk_0 [clock_source 15.1]
2016.03.12.16:21:52 Info: Parameterizing module clk_0
2016.03.12.16:21:52 Info: Adding fpga_only_master [altera_jtag_avalon_master 15.1]
2016.03.12.16:21:52 Info: Parameterizing module fpga_only_master
2016.03.12.16:21:52 Info: Adding hps_0 [altera_hps 15.1]
Info: 2016.03.12.16:21:52 Info: Parameterizing module hps_0
2016.03.12.16:21:52 Info: Adding hps_only_master [altera_jtag_avalon_master 15.1]
2016.03.12.16:21:52 Info: Parameterizing module hps_only_master
2016.03.12.16:21:52 Info: Adding intr_capturer_0 [intr_capturer 100.99.98.97]
2016.03.12.16:21:52 Info: Parameterizing module intr_capturer_0
2016.03.12.16:21:52 Info: Adding jtag_uart [altera_avalon_jtag_uart 15.1]
2016.03.12.16:21:52 Info: Parameterizing module jtag_uart
2016.03.12.16:21:52 Info: Adding onchip_memory2_0 [altera_avalon_onchip_memory2 15.1]
2016.03.12.16:21:52 Info: Parameterizing module onchip_memory2_0
2016.03.12.16:21:52 Info: Adding pio_led [altera_avalon_pio 15.1]
2016.03.12.16:21:52 Info: Parameterizing module pio_led
2016.03.12.16:21:52 Info: Adding sysid_qsys [altera_avalon_sysid_qsys 15.1]
Info: 2016.03.12.16:21:52 Info: Parameterizing module sysid_qsys
2016.03.12.16:21:52 Info: Building connections
2016.03.12.16:21:52 Info: Parameterizing connections
2016.03.12.16:21:52 Info: Validating
Info: 2016.03.12.16:22:03 Info: Done reading input file
Info: 2016.03.12.16:22:15 Info: soc_system: Generating soc_system "soc_system" for QUARTUS_SYNTH
Info: 2016.03.12.16:22:23 Info: Interconnect is inserted between master hps_only_master.master and slave hps_0.f2h_axi_slave because the master is of type avalon and the slave is of type axi.
Warning: 2016.03.12.16:22:24 Warning: hps_0.f2h_irq0: Cannot connect clock for irq_mapper.sender
2016.03.12.16:22:24 Warning: hps_0.f2h_irq0: Cannot connect reset for irq_mapper.sender
2016.03.12.16:22:24 Warning: hps_0.f2h_irq1: Cannot connect clock for irq_mapper_001.sender
2016.03.12.16:22:24 Warning: hps_0.f2h_irq1: Cannot connect reset for irq_mapper_001.sender
Info: 2016.03.12.16:22:29 Info: fpga_only_master: "soc_system" instantiated altera_jtag_avalon_master "fpga_only_master"
2016.03.12.16:22:29 Info: hps_0: "Running  for module: hps_0"
Info: 2016.03.12.16:22:30 Info: hps_0: HPS Main PLL counter settings: n = 0  m = 73
Info: 2016.03.12.16:22:31 Info: hps_0: HPS peripherial PLL counter settings: n = 0  m = 39
Info: 2016.03.12.16:22:32 Info: hps_0: "soc_system" instantiated altera_hps "hps_0"
2016.03.12.16:22:32 Info: intr_capturer_0: "soc_system" instantiated intr_capturer "intr_capturer_0"
Info: 2016.03.12.16:22:32 Info: jtag_uart: Starting RTL generation for module 'soc_system_jtag_uart'
2016.03.12.16:22:32 Info: jtag_uart:   Generation command is [exec /home/quartus/altera_lite/15.1/quartus/linux64/perl/bin/perl -I /home/quartus/altera_lite/15.1/quartus/linux64/perl/lib -I /home/quartus/altera_lite/15.1/quartus/sopc_builder/bin/europa -I /home/quartus/altera_lite/15.1/quartus/sopc_builder/bin/perl_lib -I /home/quartus/altera_lite/15.1/quartus/sopc_builder/bin -I /home/quartus/altera_lite/15.1/quartus/../ip/altera/sopc_builder_ip/common -I /home/quartus/altera_lite/15.1/quartus/../ip/altera/sopc_builder_ip/altera_avalon_jtag_uart -- /home/quartus/altera_lite/15.1/quartus/../ip/altera/sopc_builder_ip/altera_avalon_jtag_uart/generate_rtl.pl --name=soc_system_jtag_uart --dir=/tmp/alt6872_1770010640996491192.dir/0056_jtag_uart_gen/ --quartus_dir=/home/quartus/altera_lite/15.1/quartus --verilog --config=/tmp/alt6872_1770010640996491192.dir/0056_jtag_uart_gen/
Info: 2016.03.12.16:22:32 Info: jtag_uart: Done RTL generation for module 'soc_system_jtag_uart'
2016.03.12.16:22:32 Info: jtag_uart: "soc_system" instantiated altera_avalon_jtag_uart "jtag_uart"
Info: 2016.03.12.16:22:32 Info: onchip_memory2_0: Starting RTL generation for module 'soc_system_onchip_memory2_0'
2016.03.12.16:22:32 Info: onchip_memory2_0:   Generation command is [exec /home/quartus/altera_lite/15.1/quartus/linux64/perl/bin/perl -I /home/quartus/altera_lite/15.1/quartus/linux64/perl/lib -I /home/quartus/altera_lite/15.1/quartus/sopc_builder/bin/europa -I /home/quartus/altera_lite/15.1/quartus/sopc_builder/bin/perl_lib -I /home/quartus/altera_lite/15.1/quartus/sopc_builder/bin -I /home/quartus/altera_lite/15.1/quartus/../ip/altera/sopc_builder_ip/common -I /home/quartus/altera_lite/15.1/quartus/../ip/altera/sopc_builder_ip/altera_avalon_onchip_memory2 -- /home/quartus/altera_lite/15.1/quartus/../ip/altera/sopc_builder_ip/altera_avalon_onchip_memory2/generate_rtl.pl --name=soc_system_onchip_memory2_0 --dir=/tmp/alt6872_1770010640996491192.dir/0057_onchip_memory2_0_gen/ --quartus_dir=/home/quartus/altera_lite/15.1/quartus --verilog --config=/tmp/alt6872_1770010640996491192.dir/0057_onchip_memory2_0_gen/
Info: 2016.03.12.16:22:33 Info: onchip_memory2_0: Done RTL generation for module 'soc_system_onchip_memory2_0'
Info: 2016.03.12.16:22:33 Info: onchip_memory2_0: "soc_system" instantiated altera_avalon_onchip_memory2 "onchip_memory2_0"
Info: 2016.03.12.16:22:33 Info: pio_led: Starting RTL generation for module 'soc_system_pio_led'
2016.03.12.16:22:33 Info: pio_led:   Generation command is [exec /home/quartus/altera_lite/15.1/quartus/linux64/perl/bin/perl -I /home/quartus/altera_lite/15.1/quartus/linux64/perl/lib -I /home/quartus/altera_lite/15.1/quartus/sopc_builder/bin/europa -I /home/quartus/altera_lite/15.1/quartus/sopc_builder/bin/perl_lib -I /home/quartus/altera_lite/15.1/quartus/sopc_builder/bin -I /home/quartus/altera_lite/15.1/quartus/../ip/altera/sopc_builder_ip/common -I /home/quartus/altera_lite/15.1/quartus/../ip/altera/sopc_builder_ip/altera_avalon_pio -- /home/quartus/altera_lite/15.1/quartus/../ip/altera/sopc_builder_ip/altera_avalon_pio/generate_rtl.pl --name=soc_system_pio_led --dir=/tmp/alt6872_1770010640996491192.dir/0058_pio_led_gen/ --quartus_dir=/home/quartus/altera_lite/15.1/quartus --verilog --config=/tmp/alt6872_1770010640996491192.dir/0058_pio_led_gen/
Info: 2016.03.12.16:22:33 Info: pio_led: Done RTL generation for module 'soc_system_pio_led'
Info: 2016.03.12.16:22:33 Info: pio_led: "soc_system" instantiated altera_avalon_pio "pio_led"
Info: 2016.03.12.16:22:33 Info: sysid_qsys: "soc_system" instantiated altera_avalon_sysid_qsys "sysid_qsys"
Info: 2016.03.12.16:22:34 Info: avalon_st_adapter: Inserting error_adapter: error_adapter_0
Info: 2016.03.12.16:22:34 Info: avalon_st_adapter_001: Inserting error_adapter: error_adapter_0
Info: 2016.03.12.16:22:34 Info: avalon_st_adapter_002: Inserting error_adapter: error_adapter_0
Info: 2016.03.12.16:22:35 Info: avalon_st_adapter_003: Inserting error_adapter: error_adapter_0
Info: 2016.03.12.16:22:35 Info: avalon_st_adapter_004: Inserting error_adapter: error_adapter_0
Info: 2016.03.12.16:22:35 Info: mm_interconnect_0: "soc_system" instantiated altera_mm_interconnect "mm_interconnect_0"
Info: 2016.03.12.16:22:36 Info: mm_interconnect_1: "soc_system" instantiated altera_mm_interconnect "mm_interconnect_1"
Info: 2016.03.12.16:22:36 Info: irq_mapper: "soc_system" instantiated altera_irq_mapper "irq_mapper"
Info: 2016.03.12.16:22:36 Info: irq_mapper_001: "soc_system" instantiated altera_irq_mapper "irq_mapper_001"
Info: 2016.03.12.16:22:36 Info: rst_controller: "soc_system" instantiated altera_reset_controller "rst_controller"
Info: 2016.03.12.16:22:36 Info: jtag_phy_embedded_in_jtag_master: "fpga_only_master" instantiated altera_jtag_dc_streaming "jtag_phy_embedded_in_jtag_master"
Info: 2016.03.12.16:22:36 Info: timing_adt: "fpga_only_master" instantiated timing_adapter "timing_adt"
2016.03.12.16:22:36 Info: fifo: "fpga_only_master" instantiated altera_avalon_sc_fifo "fifo"
2016.03.12.16:22:36 Info: b2p: "fpga_only_master" instantiated altera_avalon_st_bytes_to_packets "b2p"
2016.03.12.16:22:36 Info: p2b: "fpga_only_master" instantiated altera_avalon_st_packets_to_bytes "p2b"
2016.03.12.16:22:36 Info: transacto: "fpga_only_master" instantiated altera_avalon_packets_to_master "transacto"
Info: 2016.03.12.16:22:36 Info: b2p_adapter: "fpga_only_master" instantiated channel_adapter "b2p_adapter"
Info: 2016.03.12.16:22:36 Info: p2b_adapter: "fpga_only_master" instantiated channel_adapter "p2b_adapter"
Info: 2016.03.12.16:22:36 Info: fpga_interfaces: "hps_0" instantiated altera_interface_generator "fpga_interfaces"
Info: 2016.03.12.16:22:36 Info: hps_io: "hps_0" instantiated altera_hps_io "hps_io"
Info: 2016.03.12.16:22:36 Info: fpga_only_master_master_translator: "mm_interconnect_0" instantiated altera_merlin_master_translator "fpga_only_master_master_translator"
Info: 2016.03.12.16:22:36 Info: onchip_memory2_0_s1_translator: "mm_interconnect_0" instantiated altera_merlin_slave_translator "onchip_memory2_0_s1_translator"
Info: 2016.03.12.16:22:36 Info: hps_0_h2f_axi_master_agent: "mm_interconnect_0" instantiated altera_merlin_axi_master_ni "hps_0_h2f_axi_master_agent"
Info: 2016.03.12.16:22:36 Info: fpga_only_master_master_agent: "mm_interconnect_0" instantiated altera_merlin_master_agent "fpga_only_master_master_agent"
Info: 2016.03.12.16:22:36 Info: onchip_memory2_0_s1_agent: "mm_interconnect_0" instantiated altera_merlin_slave_agent "onchip_memory2_0_s1_agent"
Info: 2016.03.12.16:22:36 Info: router: "mm_interconnect_0" instantiated altera_merlin_router "router"
Info: 2016.03.12.16:22:36 Info: router_002: "mm_interconnect_0" instantiated altera_merlin_router "router_002"
Info: 2016.03.12.16:22:36 Info: router_003: "mm_interconnect_0" instantiated altera_merlin_router "router_003"
Info: 2016.03.12.16:22:36 Info: router_005: "mm_interconnect_0" instantiated altera_merlin_router "router_005"
Info: 2016.03.12.16:22:36 Info: router_006: "mm_interconnect_0" instantiated altera_merlin_router "router_006"
Info: 2016.03.12.16:22:36 Info: router_007: "mm_interconnect_0" instantiated altera_merlin_router "router_007"
Info: 2016.03.12.16:22:36 Info: router_009: "mm_interconnect_0" instantiated altera_merlin_router "router_009"
Info: 2016.03.12.16:22:36 Info: fpga_only_master_master_limiter: "mm_interconnect_0" instantiated altera_merlin_traffic_limiter "fpga_only_master_master_limiter"
2016.03.12.16:22:36 Info: Reusing file /home/quartus/Projects/DE1-SoC_v.4.0.3_HWrevE_SystemCD/Demonstrations/SOC_FPGA/my_first_hps-fpga/fpga-rtl/soc_system/synthesis/submodules/altera_avalon_sc_fifo.v
2016.03.12.16:22:36 Info: Reusing file /home/quartus/Projects/DE1-SoC_v.4.0.3_HWrevE_SystemCD/Demonstrations/SOC_FPGA/my_first_hps-fpga/fpga-rtl/soc_system/synthesis/submodules
Info: 2016.03.12.16:22:36 Info: onchip_memory2_0_s1_burst_adapter: "mm_interconnect_0" instantiated altera_merlin_burst_adapter "onchip_memory2_0_s1_burst_adapter"
2016.03.12.16:22:36 Info: Reusing file /home/quartus/Projects/DE1-SoC_v.4.0.3_HWrevE_SystemCD/Demonstrations/SOC_FPGA/my_first_hps-fpga/fpga-rtl/soc_system/synthesis/submodules/altera_merlin_address_alignment.sv
2016.03.12.16:22:36 Info: Reusing file /home/quartus/Projects/DE1-SoC_v.4.0.3_HWrevE_SystemCD/Demonstrations/SOC_FPGA/my_first_hps-fpga/fpga-rtl/soc_system/synthesis/submodules/altera_avalon_st_pipeline_stage.sv
2016.03.12.16:22:36 Info: Reusing file /home/quartus/Projects/DE1-SoC_v.4.0.3_HWrevE_SystemCD/Demonstrations/SOC_FPGA/my_first_hps-fpga/fpga-rtl/soc_system/synthesis/submodules
Info: 2016.03.12.16:22:36 Info: cmd_demux: "mm_interconnect_0" instantiated altera_merlin_demultiplexer "cmd_demux"
Info: 2016.03.12.16:22:36 Info: cmd_demux_002: "mm_interconnect_0" instantiated altera_merlin_demultiplexer "cmd_demux_002"
Info: 2016.03.12.16:22:36 Info: cmd_demux_003: "mm_interconnect_0" instantiated altera_merlin_demultiplexer "cmd_demux_003"
Info: 2016.03.12.16:22:36 Info: cmd_mux: "mm_interconnect_0" instantiated altera_merlin_multiplexer "cmd_mux"
Info: 2016.03.12.16:22:36 Info: cmd_mux_001: "mm_interconnect_0" instantiated altera_merlin_multiplexer "cmd_mux_001"
2016.03.12.16:22:36 Info: Reusing file /home/quartus/Projects/DE1-SoC_v.4.0.3_HWrevE_SystemCD/Demonstrations/SOC_FPGA/my_first_hps-fpga/fpga-rtl/soc_system/synthesis/submodules
Info: 2016.03.12.16:22:36 Info: cmd_mux_002: "mm_interconnect_0" instantiated altera_merlin_multiplexer "cmd_mux_002"
2016.03.12.16:22:36 Info: Reusing file /home/quartus/Projects/DE1-SoC_v.4.0.3_HWrevE_SystemCD/Demonstrations/SOC_FPGA/my_first_hps-fpga/fpga-rtl/soc_system/synthesis/submodules
Info: 2016.03.12.16:22:37 Info: cmd_mux_004: "mm_interconnect_0" instantiated altera_merlin_multiplexer "cmd_mux_004"
2016.03.12.16:22:37 Info: Reusing file /home/quartus/Projects/DE1-SoC_v.4.0.3_HWrevE_SystemCD/Demonstrations/SOC_FPGA/my_first_hps-fpga/fpga-rtl/soc_system/synthesis/submodules
Info: 2016.03.12.16:22:37 Info: rsp_demux: "mm_interconnect_0" instantiated altera_merlin_demultiplexer "rsp_demux"
Info: 2016.03.12.16:22:37 Info: rsp_demux_001: "mm_interconnect_0" instantiated altera_merlin_demultiplexer "rsp_demux_001"
Info: 2016.03.12.16:22:37 Info: rsp_demux_002: "mm_interconnect_0" instantiated altera_merlin_demultiplexer "rsp_demux_002"
Info: 2016.03.12.16:22:37 Info: rsp_demux_004: "mm_interconnect_0" instantiated altera_merlin_demultiplexer "rsp_demux_004"
Info: 2016.03.12.16:22:37 Info: rsp_mux: "mm_interconnect_0" instantiated altera_merlin_multiplexer "rsp_mux"
2016.03.12.16:22:37 Info: Reusing file /home/quartus/Projects/DE1-SoC_v.4.0.3_HWrevE_SystemCD/Demonstrations/SOC_FPGA/my_first_hps-fpga/fpga-rtl/soc_system/synthesis/submodules
Info: 2016.03.12.16:22:37 Info: rsp_mux_002: "mm_interconnect_0" instantiated altera_merlin_multiplexer "rsp_mux_002"
2016.03.12.16:22:37 Info: Reusing file /home/quartus/Projects/DE1-SoC_v.4.0.3_HWrevE_SystemCD/Demonstrations/SOC_FPGA/my_first_hps-fpga/fpga-rtl/soc_system/synthesis/submodules
Info: 2016.03.12.16:22:37 Info: rsp_mux_003: "mm_interconnect_0" instantiated altera_merlin_multiplexer "rsp_mux_003"
2016.03.12.16:22:37 Info: Reusing file /home/quartus/Projects/DE1-SoC_v.4.0.3_HWrevE_SystemCD/Demonstrations/SOC_FPGA/my_first_hps-fpga/fpga-rtl/soc_system/synthesis/submodules
Info: 2016.03.12.16:22:37 Info: fpga_only_master_master_to_onchip_memory2_0_s1_cmd_width_adapter: "mm_interconnect_0" instantiated altera_merlin_width_adapter "fpga_only_master_master_to_onchip_memory2_0_s1_cmd_width_adapter"
2016.03.12.16:22:37 Info: Reusing file /home/quartus/Projects/DE1-SoC_v.4.0.3_HWrevE_SystemCD/Demonstrations/SOC_FPGA/my_first_hps-fpga/fpga-rtl/soc_system/synthesis/submodules/altera_merlin_address_alignment.sv
2016.03.12.16:22:37 Info: Reusing file /home/quartus/Projects/DE1-SoC_v.4.0.3_HWrevE_SystemCD/Demonstrations/SOC_FPGA/my_first_hps-fpga/fpga-rtl/soc_system/synthesis/submodules
Info: 2016.03.12.16:22:37 Info: avalon_st_adapter: "mm_interconnect_0" instantiated altera_avalon_st_adapter "avalon_st_adapter"
Info: 2016.03.12.16:22:37 Info: avalon_st_adapter_001: "mm_interconnect_0" instantiated altera_avalon_st_adapter "avalon_st_adapter_001"
2016.03.12.16:22:37 Info: hps_0_f2h_axi_slave_agent: "mm_interconnect_1" instantiated altera_merlin_axi_slave_ni "hps_0_f2h_axi_slave_agent"
2016.03.12.16:22:37 Info: Reusing file /home/quartus/Projects/DE1-SoC_v.4.0.3_HWrevE_SystemCD/Demonstrations/SOC_FPGA/my_first_hps-fpga/fpga-rtl/soc_system/synthesis/submodules/altera_merlin_burst_uncompressor.sv
2016.03.12.16:22:37 Info: Reusing file /home/quartus/Projects/DE1-SoC_v.4.0.3_HWrevE_SystemCD/Demonstrations/SOC_FPGA/my_first_hps-fpga/fpga-rtl/soc_system/synthesis/submodules/altera_avalon_sc_fifo.v
2016.03.12.16:22:37 Info: Reusing file /home/quartus/Projects/DE1-SoC_v.4.0.3_HWrevE_SystemCD/Demonstrations/SOC_FPGA/my_first_hps-fpga/fpga-rtl/soc_system/synthesis/submodules
Info: 2016.03.12.16:22:37 Info: router: "mm_interconnect_1" instantiated altera_merlin_router "router"
Info: 2016.03.12.16:22:37 Info: router_001: "mm_interconnect_1" instantiated altera_merlin_router "router_001"
Info: 2016.03.12.16:22:37 Info: cmd_demux: "mm_interconnect_1" instantiated altera_merlin_demultiplexer "cmd_demux"
Info: 2016.03.12.16:22:37 Info: cmd_mux: "mm_interconnect_1" instantiated altera_merlin_multiplexer "cmd_mux"
2016.03.12.16:22:37 Info: Reusing file /home/quartus/Projects/DE1-SoC_v.4.0.3_HWrevE_SystemCD/Demonstrations/SOC_FPGA/my_first_hps-fpga/fpga-rtl/soc_system/synthesis/submodules
Info: 2016.03.12.16:22:37 Info: rsp_demux: "mm_interconnect_1" instantiated altera_merlin_demultiplexer "rsp_demux"
Info: 2016.03.12.16:22:37 Info: rsp_mux: "mm_interconnect_1" instantiated altera_merlin_multiplexer "rsp_mux"
Info: 2016.03.12.16:22:37 Info: Reusing file /home/quartus/Projects/DE1-SoC_v.4.0.3_HWrevE_SystemCD/Demonstrations/SOC_FPGA/my_first_hps-fpga/fpga-rtl/soc_system/synthesis/submodules
Info: 2016.03.12.16:23:26 Info: border: "hps_io" instantiated altera_interface_generator "border"
Info: 2016.03.12.16:23:26 Info: error_adapter_0: "avalon_st_adapter" instantiated error_adapter "error_adapter_0"
Info: 2016.03.12.16:23:26 Info: error_adapter_0: "avalon_st_adapter_001" instantiated error_adapter "error_adapter_0"
2016.03.12.16:23:26 Info: soc_system: Done "soc_system" with 64 modules, 130 files
Info: 2016.03.12.16:23:27 Info: qsys-generate succeeded.
2016.03.12.16:23:27 Info: Finished: Create HDL design files for synthesis
Info (11902): Backing up file "ip/altsource_probe/hps_reset.v" to "ip/altsource_probe/hps_reset.BAK.v"
Info (11837): Started upgrading IP component In-System Sources and Probes with file "ip/altsource_probe/hps_reset.v"
Info (11131): Completed upgrading IP component Qsys with file "soc_system.qsys"
Info (11131): Completed upgrading IP component In-System Sources and Probes with file "ip/altsource_probe/hps_reset.v"
Info (23030): Evaluation of Tcl script /home/quartus/altera_lite/15.1/quartus/common/tcl/internal/ip_regen/ip_regen.tcl was successful
Info: Quartus Prime Shell was successful. 0 errors, 8 warnings
    Info: Peak virtual memory: 1374 megabytes
    Info: Processing ended: Sat Mar 12 16:24:22 2016
    Info: Elapsed time: 00:06:34
    Info: Total CPU time (on all processors): 00:07:11


